[11Feb2024 15:27:32.347] [main/INFO] [cpw.mods.modlauncher.Launcher/MODLAUNCHER]: ModLauncher running: args [--username, Maple_ShrimpFry, --version, forge-40.2.9, --gameDir, D:\curseforge\minecraft\Instances\DawnCraft - An Adventure RPG Modpack, --assetsDir, D:\curseforge\minecraft\Install\assets, --assetIndex, 1.18, --uuid, 248af1c6fedf44628d32d1aa80eecae7, --accessToken, ????????, --clientId, ZjI0MjFhNDEtMDA2Mi00MjliLThkM2EtMjg4NTQ3NjQ3OWE5, --xuid, 2535448224339786, --userType, msa, --versionType, release, --width, 1920, --height, 1080, --launchTarget, forgeclient, --fml.forgeVersion, 40.2.9, --fml.mcVersion, 1.18.2, --fml.forgeGroup, net.minecraftforge, --fml.mcpVersion, 20220404.173914]
[11Feb2024 15:27:32.355] [main/INFO] [cpw.mods.modlauncher.Launcher/MODLAUNCHER]: ModLauncher 9.1.3+9.1.3+main.9b69c82a starting: java version 17.0.1 by Microsoft
[11Feb2024 15:27:32.733] [main/INFO] [optifine.OptiFineTransformationService/]: OptiFineTransformationService.onLoad
[11Feb2024 15:27:32.735] [main/INFO] [optifine.OptiFineTransformationService/]: OptiFine ZIP file URL: union:/D:/curseforge/minecraft/Instances/DawnCraft%20-%20An%20Adventure%20RPG%20Modpack/mods/OptiFine_1.18.2_HD_U_H9.jar%2355!/
[11Feb2024 15:27:32.754] [main/INFO] [optifine.OptiFineTransformationService/]: OptiFine ZIP file: D:\curseforge\minecraft\Instances\DawnCraft - An Adventure RPG Modpack\mods\OptiFine_1.18.2_HD_U_H9.jar
[11Feb2024 15:27:32.757] [main/INFO] [optifine.OptiFineTransformer/]: Target.PRE_CLASS is available
[11Feb2024 15:27:32.851] [main/INFO] [mixin/]: SpongePowered MIXIN Subsystem Version=0.8.5 Source=union:/D:/curseforge/minecraft/Install/libraries/org/spongepowered/mixin/0.8.5/mixin-0.8.5.jar%2314!/ Service=ModLauncher Env=CLIENT
[11Feb2024 15:27:32.866] [main/INFO] [optifine.OptiFineTransformationService/]: OptiFineTransformationService.initialize
[11Feb2024 15:27:33.251] [main/INFO] [net.minecraftforge.fml.loading.moddiscovery.JarInJarDependencyLocator/]: Found 3 dependencies adding them to mods collection
[11Feb2024 15:27:36.046] [main/WARN] [net.minecraftforge.fml.loading.moddiscovery.ModFileParser/LOADING]: Mod file D:\curseforge\minecraft\Install\libraries\net\minecraftforge\fmlcore\1.18.2-40.2.9\fmlcore-1.18.2-40.2.9.jar is missing mods.toml file
[11Feb2024 15:27:36.055] [main/WARN] [net.minecraftforge.fml.loading.moddiscovery.ModFileParser/LOADING]: Mod file D:\curseforge\minecraft\Install\libraries\net\minecraftforge\javafmllanguage\1.18.2-40.2.9\javafmllanguage-1.18.2-40.2.9.jar is missing mods.toml file
[11Feb2024 15:27:36.066] [main/WARN] [net.minecraftforge.fml.loading.moddiscovery.ModFileParser/LOADING]: Mod file D:\curseforge\minecraft\Install\libraries\net\minecraftforge\lowcodelanguage\1.18.2-40.2.9\lowcodelanguage-1.18.2-40.2.9.jar is missing mods.toml file
[11Feb2024 15:27:36.078] [main/WARN] [net.minecraftforge.fml.loading.moddiscovery.ModFileParser/LOADING]: Mod file D:\curseforge\minecraft\Install\libraries\net\minecraftforge\mclanguage\1.18.2-40.2.9\mclanguage-1.18.2-40.2.9.jar is missing mods.toml file
[11Feb2024 15:27:36.132] [main/ERROR] [net.minecraftforge.fml.loading.moddiscovery.ModDiscoverer/SCAN]: Failed to build unique mod list after mod discovery.
net.minecraftforge.fml.loading.EarlyLoadingException: Duplicate mods found
	at net.minecraftforge.fml.loading.UniqueModListBuilder.buildUniqueList(UniqueModListBuilder.java:78) ~[fmlloader-1.18.2-40.2.9.jar%2318!/:1.0]
	at net.minecraftforge.fml.loading.moddiscovery.ModDiscoverer.discoverMods(ModDiscoverer.java:76) ~[fmlloader-1.18.2-40.2.9.jar%2318!/:?]
	at net.minecraftforge.fml.loading.FMLLoader.beginModScan(FMLLoader.java:166) ~[fmlloader-1.18.2-40.2.9.jar%2318!/:1.0]
	at net.minecraftforge.fml.loading.FMLServiceProvider.beginScanning(FMLServiceProvider.java:86) ~[fmlloader-1.18.2-40.2.9.jar%2318!/:1.0]
	at cpw.mods.modlauncher.TransformationServiceDecorator.runScan(TransformationServiceDecorator.java:112) ~[modlauncher-9.1.3.jar%235!/:?]
	at cpw.mods.modlauncher.TransformationServicesHandler.lambda$runScanningTransformationServices$8(TransformationServicesHandler.java:100) ~[modlauncher-9.1.3.jar%235!/:?]
	at java.util.stream.ReferencePipeline$3$1.accept(ReferencePipeline.java:197) [?:?]
	at java.util.HashMap$ValueSpliterator.forEachRemaining(HashMap.java:1779) [?:?]
	at java.util.stream.AbstractPipeline.copyInto(AbstractPipeline.java:509) [?:?]
	at java.util.stream.AbstractPipeline.wrapAndCopyInto(AbstractPipeline.java:499) [?:?]
	at java.util.stream.AbstractPipeline.evaluate(AbstractPipeline.java:575) [?:?]
	at java.util.stream.AbstractPipeline.evaluateToArrayNode(AbstractPipeline.java:260) [?:?]
	at java.util.stream.ReferencePipeline.toArray(ReferencePipeline.java:616) [?:?]
	at java.util.stream.ReferencePipeline.toArray(ReferencePipeline.java:622) [?:?]
	at java.util.stream.ReferencePipeline.toList(ReferencePipeline.java:627) [?:?]
	at cpw.mods.modlauncher.TransformationServicesHandler.runScanningTransformationServices(TransformationServicesHandler.java:102) [modlauncher-9.1.3.jar%235!/:?]
	at cpw.mods.modlauncher.TransformationServicesHandler.initializeTransformationServices(TransformationServicesHandler.java:55) [modlauncher-9.1.3.jar%235!/:?]
	at cpw.mods.modlauncher.Launcher.run(Launcher.java:87) [modlauncher-9.1.3.jar%235!/:?]
	at cpw.mods.modlauncher.Launcher.main(Launcher.java:77) [modlauncher-9.1.3.jar%235!/:?]
	at cpw.mods.modlauncher.BootstrapLaunchConsumer.accept(BootstrapLaunchConsumer.java:26) [modlauncher-9.1.3.jar%235!/:?]
	at cpw.mods.modlauncher.BootstrapLaunchConsumer.accept(BootstrapLaunchConsumer.java:23) [modlauncher-9.1.3.jar%235!/:?]
	at cpw.mods.bootstraplauncher.BootstrapLauncher.main(BootstrapLauncher.java:149) [bootstraplauncher-1.0.0.jar:?]
[11Feb2024 15:27:36.145] [main/ERROR] [net.minecraftforge.fml.loading.moddiscovery.ModDiscoverer/SCAN]: Mod Discovery failed. Skipping dependency discovery.
